<?xml version="1.0" encoding="UTF-8"?>
<coverage generated="1460291244369" clover="3.2.0">
	<project timestamp="1460291244369"  name="All Files" >
		<metrics statements="2"  coveredstatements="2"  conditionals="4"  coveredconditionals="3"  methods="1"  coveredmethods="1"  elements="7"  coveredelements="6"  complexity="0"  packages="1"  files="1"  classes="1"  loc="2"  ncloc="2" />
		<package name="lib" >
			<metrics statements="2"  coveredstatements="2"  conditionals="4"  coveredconditionals="3"  methods="1"  coveredmethods="1" />
			<file name="utils.js"  path="/Users/jiriotahal/Documents/Sources/react-native-material-ui/lib/utils.js" >
				<metrics statements="2"  coveredstatements="2"  conditionals="4"  coveredconditionals="3"  methods="1"  coveredmethods="1" />
				<line num="1"  count="1"  type="stmt" />
				<line num="2"  count="2"  type="cond"  truecount="3"  falsecount="1" />
			</file>
		</package>
	</project>
</coverage>
