{
"/Users/jiriotahal/Documents/Sources/react-native-material-ui/lib/utils.js":{"path":"/Users/jiriotahal/Documents/Sources/react-native-material-ui/lib/utils.js","s":{"1":1,"2":1,"3":1,"4":2},"b":{"1":[2,1,1,0]},"f":{"1":2},"fnMap":{"1":{"name":"isFunction","line":1,"loc":{"start":{"line":1,"column":84},"end":{"line":1,"column":108}}}},"statementMap":{"1":{"start":{"line":1,"column":0},"end":{"line":1,"column":57}},"2":{"start":{"line":1,"column":57},"end":{"line":1,"column":84}},"3":{"start":{"line":1,"column":84},"end":{"line":2,"column":54}},"4":{"start":{"line":2,"column":0},"end":{"line":2,"column":53}}},"branchMap":{"1":{"line":2,"type":"binary-expr","locations":[{"start":{"line":2,"column":10},"end":{"line":2,"column":13}},{"start":{"line":2,"column":15},"end":{"line":2,"column":30}},{"start":{"line":2,"column":32},"end":{"line":2,"column":40}},{"start":{"line":2,"column":42},"end":{"line":2,"column":51}}]}},"l":{"1":1,"2":2}}}
